Vivado Simulator v2025.1.0
Copyright 1986-2022 Xilinx, Inc. All Rights Reserved.
Copyright 2022-2025 Advanced Micro Devices, Inc. All Rights Reserved.
Running: E:/Xilinix/2025.1/Vivado/bin/unwrapped/win64.o/xelab.exe --incr --debug typical --relax --mt 2 -L xil_defaultlib -L unisims_ver -L unimacro_ver -L secureip --snapshot tb_trng_behav xil_defaultlib.tb_trng xil_defaultlib.glbl -log elaborate.log 
Using 2 slave threads.
Starting static elaboration
Pass Through NonSizing Optimizer
Completed static elaboration
Starting simulation data flow analysis
WARNING: [XSIM 43-4099] "C:/Users/alex/Desktop/Random_generator/Random_generator.srcs/sources_1/new/trng_top.v" Line 1. Module trng_top doesn't have a timescale but at least one module in design has a timescale.
WARNING: [XSIM 43-4099] "C:/Users/alex/Desktop/Random_generator/Random_generator.srcs/sources_1/new/entropy_model.v" Line 1. Module entropy_model doesn't have a timescale but at least one module in design has a timescale.
WARNING: [XSIM 43-4099] "C:/Users/alex/Desktop/Random_generator/Random_generator.srcs/sources_1/new/entropy_model.v" Line 22. Module window_filter doesn't have a timescale but at least one module in design has a timescale.
WARNING: [XSIM 43-4099] "C:/Users/alex/Desktop/Random_generator/Random_generator.srcs/sources_1/new/entropy_model.v" Line 40. Module von_neumann_corrector doesn't have a timescale but at least one module in design has a timescale.
WARNING: [XSIM 43-4099] "C:/Users/alex/Desktop/Random_generator/Random_generator.srcs/sources_1/new/trng_top.v" Line 1. Module trng_top doesn't have a timescale but at least one module in design has a timescale.
WARNING: [XSIM 43-4099] "C:/Users/alex/Desktop/Random_generator/Random_generator.srcs/sources_1/new/entropy_model.v" Line 1. Module entropy_model doesn't have a timescale but at least one module in design has a timescale.
WARNING: [XSIM 43-4099] "C:/Users/alex/Desktop/Random_generator/Random_generator.srcs/sources_1/new/entropy_model.v" Line 22. Module window_filter doesn't have a timescale but at least one module in design has a timescale.
WARNING: [XSIM 43-4099] "C:/Users/alex/Desktop/Random_generator/Random_generator.srcs/sources_1/new/entropy_model.v" Line 40. Module von_neumann_corrector doesn't have a timescale but at least one module in design has a timescale.
Completed simulation data flow analysis
Time Resolution for simulation is 1ps
Compiling module xil_defaultlib.entropy_model
Compiling module xil_defaultlib.window_filter
Compiling module xil_defaultlib.von_neumann_corrector
Compiling module xil_defaultlib.trng_top
Compiling module xil_defaultlib.tb_trng
Compiling module xil_defaultlib.glbl
Built simulation snapshot tb_trng_behav
